c:\users\lracker\documents\projects\windows_kernel_projects\4.2.2 注册表键值的读\debug\vc142.pdb
c:\users\lracker\documents\projects\windows_kernel_projects\4.2.2 注册表键值的读\debug\main.obj
c:\users\lracker\documents\projects\windows_kernel_projects\debug\4.2.2 注册表键值的读\4.2.2注册表键值的读.cat
c:\users\lracker\documents\projects\windows_kernel_projects\debug\4.2.2注册表键值的读.sys
c:\users\lracker\documents\projects\windows_kernel_projects\debug\4.2.2注册表键值的读.pdb
c:\users\lracker\documents\projects\windows_kernel_projects\4.2.2 注册表键值的读\debug\4.2.2注册表键值的读.inf
c:\users\lracker\documents\projects\windows_kernel_projects\debug\4.2.2注册表键值的读.cer
c:\users\lracker\documents\projects\windows_kernel_projects\debug\4.2.2注册表键值的读.inf
c:\users\lracker\documents\projects\windows_kernel_projects\4.2.2 注册表键值的读\debug\4.2.2 注册表键值的读.tlog\cl.command.1.tlog
c:\users\lracker\documents\projects\windows_kernel_projects\4.2.2 注册表键值的读\debug\4.2.2 注册表键值的读.tlog\cl.read.1.tlog
c:\users\lracker\documents\projects\windows_kernel_projects\4.2.2 注册表键值的读\debug\4.2.2 注册表键值的读.tlog\cl.write.1.tlog
c:\users\lracker\documents\projects\windows_kernel_projects\4.2.2 注册表键值的读\debug\4.2.2 注册表键值的读.tlog\inf2cat-expand.18048.read.1.tlog
c:\users\lracker\documents\projects\windows_kernel_projects\4.2.2 注册表键值的读\debug\4.2.2 注册表键值的读.tlog\inf2cat-expand.18048.write.1.tlog
c:\users\lracker\documents\projects\windows_kernel_projects\4.2.2 注册表键值的读\debug\4.2.2 注册表键值的读.tlog\inf2cat-expand.read.1.tlog
c:\users\lracker\documents\projects\windows_kernel_projects\4.2.2 注册表键值的读\debug\4.2.2 注册表键值的读.tlog\inf2cat-expand.write.1.tlog
c:\users\lracker\documents\projects\windows_kernel_projects\4.2.2 注册表键值的读\debug\4.2.2 注册表键值的读.tlog\inf2cat.command.1.tlog
c:\users\lracker\documents\projects\windows_kernel_projects\4.2.2 注册表键值的读\debug\4.2.2 注册表键值的读.tlog\inf2cat.read.1.tlog
c:\users\lracker\documents\projects\windows_kernel_projects\4.2.2 注册表键值的读\debug\4.2.2 注册表键值的读.tlog\inf2cat.write.1.tlog
c:\users\lracker\documents\projects\windows_kernel_projects\4.2.2 注册表键值的读\debug\4.2.2 注册表键值的读.tlog\link.command.1.tlog
c:\users\lracker\documents\projects\windows_kernel_projects\4.2.2 注册表键值的读\debug\4.2.2 注册表键值的读.tlog\link.read.1.tlog
c:\users\lracker\documents\projects\windows_kernel_projects\4.2.2 注册表键值的读\debug\4.2.2 注册表键值的读.tlog\link.write.1.tlog
c:\users\lracker\documents\projects\windows_kernel_projects\4.2.2 注册表键值的读\debug\4.2.2 注册表键值的读.tlog\signtool.command.1.tlog
c:\users\lracker\documents\projects\windows_kernel_projects\4.2.2 注册表键值的读\debug\4.2.2 注册表键值的读.tlog\signtool.read.1.tlog
c:\users\lracker\documents\projects\windows_kernel_projects\4.2.2 注册表键值的读\debug\4.2.2 注册表键值的读.tlog\signtool.timestamp.1.tlog
c:\users\lracker\documents\projects\windows_kernel_projects\4.2.2 注册表键值的读\debug\4.2.2 注册表键值的读.tlog\signtool.write.1.tlog
c:\users\lracker\documents\projects\windows_kernel_projects\4.2.2 注册表键值的读\debug\4.2.2 注册表键值的读.tlog\stampinf.command.1.tlog
c:\users\lracker\documents\projects\windows_kernel_projects\4.2.2 注册表键值的读\debug\4.2.2 注册表键值的读.tlog\stampinf.read.1.tlog
c:\users\lracker\documents\projects\windows_kernel_projects\4.2.2 注册表键值的读\debug\4.2.2 注册表键值的读.tlog\stampinf.write.1.tlog
