c:\users\lracker\documents\projects\windows_kernel_projects\4.2.1 注册表键的打开\debug\vc142.pdb
c:\users\lracker\documents\projects\windows_kernel_projects\4.2.1 注册表键的打开\debug\main.obj
c:\users\lracker\documents\projects\windows_kernel_projects\debug\4.2.1 注册表键的打开\4.2.1注册表键的打开.cat
c:\users\lracker\documents\projects\windows_kernel_projects\debug\4.2.1注册表键的打开.sys
c:\users\lracker\documents\projects\windows_kernel_projects\debug\4.2.1注册表键的打开.pdb
c:\users\lracker\documents\projects\windows_kernel_projects\4.2.1 注册表键的打开\debug\4.2.1注册表键的打开.inf
c:\users\lracker\documents\projects\windows_kernel_projects\debug\4.2.1注册表键的打开.cer
c:\users\lracker\documents\projects\windows_kernel_projects\debug\4.2.1注册表键的打开.inf
c:\users\lracker\documents\projects\windows_kernel_projects\4.2.1 注册表键的打开\debug\4.2.1 注册表键的打开.tlog\cl.command.1.tlog
c:\users\lracker\documents\projects\windows_kernel_projects\4.2.1 注册表键的打开\debug\4.2.1 注册表键的打开.tlog\cl.read.1.tlog
c:\users\lracker\documents\projects\windows_kernel_projects\4.2.1 注册表键的打开\debug\4.2.1 注册表键的打开.tlog\cl.write.1.tlog
c:\users\lracker\documents\projects\windows_kernel_projects\4.2.1 注册表键的打开\debug\4.2.1 注册表键的打开.tlog\inf2cat-expand.18072.read.1.tlog
c:\users\lracker\documents\projects\windows_kernel_projects\4.2.1 注册表键的打开\debug\4.2.1 注册表键的打开.tlog\inf2cat-expand.18072.write.1.tlog
c:\users\lracker\documents\projects\windows_kernel_projects\4.2.1 注册表键的打开\debug\4.2.1 注册表键的打开.tlog\inf2cat-expand.read.1.tlog
c:\users\lracker\documents\projects\windows_kernel_projects\4.2.1 注册表键的打开\debug\4.2.1 注册表键的打开.tlog\inf2cat-expand.write.1.tlog
c:\users\lracker\documents\projects\windows_kernel_projects\4.2.1 注册表键的打开\debug\4.2.1 注册表键的打开.tlog\inf2cat.command.1.tlog
c:\users\lracker\documents\projects\windows_kernel_projects\4.2.1 注册表键的打开\debug\4.2.1 注册表键的打开.tlog\inf2cat.read.1.tlog
c:\users\lracker\documents\projects\windows_kernel_projects\4.2.1 注册表键的打开\debug\4.2.1 注册表键的打开.tlog\inf2cat.write.1.tlog
c:\users\lracker\documents\projects\windows_kernel_projects\4.2.1 注册表键的打开\debug\4.2.1 注册表键的打开.tlog\link.command.1.tlog
c:\users\lracker\documents\projects\windows_kernel_projects\4.2.1 注册表键的打开\debug\4.2.1 注册表键的打开.tlog\link.read.1.tlog
c:\users\lracker\documents\projects\windows_kernel_projects\4.2.1 注册表键的打开\debug\4.2.1 注册表键的打开.tlog\link.write.1.tlog
c:\users\lracker\documents\projects\windows_kernel_projects\4.2.1 注册表键的打开\debug\4.2.1 注册表键的打开.tlog\signtool.command.1.tlog
c:\users\lracker\documents\projects\windows_kernel_projects\4.2.1 注册表键的打开\debug\4.2.1 注册表键的打开.tlog\signtool.read.1.tlog
c:\users\lracker\documents\projects\windows_kernel_projects\4.2.1 注册表键的打开\debug\4.2.1 注册表键的打开.tlog\signtool.timestamp.1.tlog
c:\users\lracker\documents\projects\windows_kernel_projects\4.2.1 注册表键的打开\debug\4.2.1 注册表键的打开.tlog\signtool.write.1.tlog
c:\users\lracker\documents\projects\windows_kernel_projects\4.2.1 注册表键的打开\debug\4.2.1 注册表键的打开.tlog\stampinf.command.1.tlog
c:\users\lracker\documents\projects\windows_kernel_projects\4.2.1 注册表键的打开\debug\4.2.1 注册表键的打开.tlog\stampinf.read.1.tlog
c:\users\lracker\documents\projects\windows_kernel_projects\4.2.1 注册表键的打开\debug\4.2.1 注册表键的打开.tlog\stampinf.write.1.tlog
