c:\users\lracker\documents\projects\windows_kernel_projects\4.1.2 打开和关闭文件\debug\vc142.pdb
c:\users\lracker\documents\projects\windows_kernel_projects\4.1.2 打开和关闭文件\debug\main.obj
c:\users\lracker\documents\projects\windows_kernel_projects\debug\4.1.2 打开和关闭文件\4.1.2打开和关闭文件.cat
c:\users\lracker\documents\projects\windows_kernel_projects\debug\4.1.2打开和关闭文件.sys
c:\users\lracker\documents\projects\windows_kernel_projects\debug\4.1.2打开和关闭文件.pdb
c:\users\lracker\documents\projects\windows_kernel_projects\4.1.2 打开和关闭文件\debug\4.1.2打开和关闭文件.inf
c:\users\lracker\documents\projects\windows_kernel_projects\debug\4.1.2打开和关闭文件.cer
c:\users\lracker\documents\projects\windows_kernel_projects\debug\4.1.2打开和关闭文件.inf
c:\users\lracker\documents\projects\windows_kernel_projects\4.1.2 打开和关闭文件\debug\4.1.2 打开和关闭文件.tlog\cl.command.1.tlog
c:\users\lracker\documents\projects\windows_kernel_projects\4.1.2 打开和关闭文件\debug\4.1.2 打开和关闭文件.tlog\cl.read.1.tlog
c:\users\lracker\documents\projects\windows_kernel_projects\4.1.2 打开和关闭文件\debug\4.1.2 打开和关闭文件.tlog\cl.write.1.tlog
c:\users\lracker\documents\projects\windows_kernel_projects\4.1.2 打开和关闭文件\debug\4.1.2 打开和关闭文件.tlog\inf2cat-expand.8372.read.1.tlog
c:\users\lracker\documents\projects\windows_kernel_projects\4.1.2 打开和关闭文件\debug\4.1.2 打开和关闭文件.tlog\inf2cat-expand.8372.write.1.tlog
c:\users\lracker\documents\projects\windows_kernel_projects\4.1.2 打开和关闭文件\debug\4.1.2 打开和关闭文件.tlog\inf2cat-expand.read.1.tlog
c:\users\lracker\documents\projects\windows_kernel_projects\4.1.2 打开和关闭文件\debug\4.1.2 打开和关闭文件.tlog\inf2cat-expand.write.1.tlog
c:\users\lracker\documents\projects\windows_kernel_projects\4.1.2 打开和关闭文件\debug\4.1.2 打开和关闭文件.tlog\inf2cat.command.1.tlog
c:\users\lracker\documents\projects\windows_kernel_projects\4.1.2 打开和关闭文件\debug\4.1.2 打开和关闭文件.tlog\inf2cat.read.1.tlog
c:\users\lracker\documents\projects\windows_kernel_projects\4.1.2 打开和关闭文件\debug\4.1.2 打开和关闭文件.tlog\inf2cat.write.1.tlog
c:\users\lracker\documents\projects\windows_kernel_projects\4.1.2 打开和关闭文件\debug\4.1.2 打开和关闭文件.tlog\link.command.1.tlog
c:\users\lracker\documents\projects\windows_kernel_projects\4.1.2 打开和关闭文件\debug\4.1.2 打开和关闭文件.tlog\link.read.1.tlog
c:\users\lracker\documents\projects\windows_kernel_projects\4.1.2 打开和关闭文件\debug\4.1.2 打开和关闭文件.tlog\link.write.1.tlog
c:\users\lracker\documents\projects\windows_kernel_projects\4.1.2 打开和关闭文件\debug\4.1.2 打开和关闭文件.tlog\signtool.command.1.tlog
c:\users\lracker\documents\projects\windows_kernel_projects\4.1.2 打开和关闭文件\debug\4.1.2 打开和关闭文件.tlog\signtool.read.1.tlog
c:\users\lracker\documents\projects\windows_kernel_projects\4.1.2 打开和关闭文件\debug\4.1.2 打开和关闭文件.tlog\signtool.timestamp.1.tlog
c:\users\lracker\documents\projects\windows_kernel_projects\4.1.2 打开和关闭文件\debug\4.1.2 打开和关闭文件.tlog\signtool.write.1.tlog
c:\users\lracker\documents\projects\windows_kernel_projects\4.1.2 打开和关闭文件\debug\4.1.2 打开和关闭文件.tlog\stampinf.command.1.tlog
c:\users\lracker\documents\projects\windows_kernel_projects\4.1.2 打开和关闭文件\debug\4.1.2 打开和关闭文件.tlog\stampinf.read.1.tlog
c:\users\lracker\documents\projects\windows_kernel_projects\4.1.2 打开和关闭文件\debug\4.1.2 打开和关闭文件.tlog\stampinf.write.1.tlog
