c:\users\lracker\documents\projects\windows_kernel_projects\4.3.1 获得当前 “滴答” 数\debug\vc142.pdb
c:\users\lracker\documents\projects\windows_kernel_projects\4.3.1 获得当前 “滴答” 数\debug\main.obj
c:\users\lracker\documents\projects\windows_kernel_projects\debug\4.3.1 获得当前 “滴答” 数\4.3.1获得当前“滴答”数.cat
c:\users\lracker\documents\projects\windows_kernel_projects\debug\4.3.1获得当前“滴答”数.sys
c:\users\lracker\documents\projects\windows_kernel_projects\debug\4.3.1获得当前“滴答”数.pdb
c:\users\lracker\documents\projects\windows_kernel_projects\4.3.1 获得当前 “滴答” 数\debug\4.3.1获得当前“滴答”数.inf
c:\users\lracker\documents\projects\windows_kernel_projects\debug\4.3.1获得当前“滴答”数.cer
c:\users\lracker\documents\projects\windows_kernel_projects\debug\4.3.1获得当前“滴答”数.inf
c:\users\lracker\documents\projects\windows_kernel_projects\4.3.1 获得当前 “滴答” 数\debug\4.3.1 获得.a535a2c2.tlog\cl.command.1.tlog
c:\users\lracker\documents\projects\windows_kernel_projects\4.3.1 获得当前 “滴答” 数\debug\4.3.1 获得.a535a2c2.tlog\cl.read.1.tlog
c:\users\lracker\documents\projects\windows_kernel_projects\4.3.1 获得当前 “滴答” 数\debug\4.3.1 获得.a535a2c2.tlog\cl.write.1.tlog
c:\users\lracker\documents\projects\windows_kernel_projects\4.3.1 获得当前 “滴答” 数\debug\4.3.1 获得.a535a2c2.tlog\inf2cat-expand.18784.read.1.tlog
c:\users\lracker\documents\projects\windows_kernel_projects\4.3.1 获得当前 “滴答” 数\debug\4.3.1 获得.a535a2c2.tlog\inf2cat-expand.18784.write.1.tlog
c:\users\lracker\documents\projects\windows_kernel_projects\4.3.1 获得当前 “滴答” 数\debug\4.3.1 获得.a535a2c2.tlog\inf2cat-expand.read.1.tlog
c:\users\lracker\documents\projects\windows_kernel_projects\4.3.1 获得当前 “滴答” 数\debug\4.3.1 获得.a535a2c2.tlog\inf2cat-expand.write.1.tlog
c:\users\lracker\documents\projects\windows_kernel_projects\4.3.1 获得当前 “滴答” 数\debug\4.3.1 获得.a535a2c2.tlog\inf2cat.command.1.tlog
c:\users\lracker\documents\projects\windows_kernel_projects\4.3.1 获得当前 “滴答” 数\debug\4.3.1 获得.a535a2c2.tlog\inf2cat.read.1.tlog
c:\users\lracker\documents\projects\windows_kernel_projects\4.3.1 获得当前 “滴答” 数\debug\4.3.1 获得.a535a2c2.tlog\inf2cat.write.1.tlog
c:\users\lracker\documents\projects\windows_kernel_projects\4.3.1 获得当前 “滴答” 数\debug\4.3.1 获得.a535a2c2.tlog\inf2cat.write.8.tlog
c:\users\lracker\documents\projects\windows_kernel_projects\4.3.1 获得当前 “滴答” 数\debug\4.3.1 获得.a535a2c2.tlog\link.command.1.tlog
c:\users\lracker\documents\projects\windows_kernel_projects\4.3.1 获得当前 “滴答” 数\debug\4.3.1 获得.a535a2c2.tlog\link.read.1.tlog
c:\users\lracker\documents\projects\windows_kernel_projects\4.3.1 获得当前 “滴答” 数\debug\4.3.1 获得.a535a2c2.tlog\link.write.1.tlog
c:\users\lracker\documents\projects\windows_kernel_projects\4.3.1 获得当前 “滴答” 数\debug\4.3.1 获得.a535a2c2.tlog\signtool.command.1.tlog
c:\users\lracker\documents\projects\windows_kernel_projects\4.3.1 获得当前 “滴答” 数\debug\4.3.1 获得.a535a2c2.tlog\signtool.read.1.tlog
c:\users\lracker\documents\projects\windows_kernel_projects\4.3.1 获得当前 “滴答” 数\debug\4.3.1 获得.a535a2c2.tlog\signtool.timestamp.1.tlog
c:\users\lracker\documents\projects\windows_kernel_projects\4.3.1 获得当前 “滴答” 数\debug\4.3.1 获得.a535a2c2.tlog\signtool.write.1.tlog
c:\users\lracker\documents\projects\windows_kernel_projects\4.3.1 获得当前 “滴答” 数\debug\4.3.1 获得.a535a2c2.tlog\stampinf.command.1.tlog
c:\users\lracker\documents\projects\windows_kernel_projects\4.3.1 获得当前 “滴答” 数\debug\4.3.1 获得.a535a2c2.tlog\stampinf.read.1.tlog
c:\users\lracker\documents\projects\windows_kernel_projects\4.3.1 获得当前 “滴答” 数\debug\4.3.1 获得.a535a2c2.tlog\stampinf.write.1.tlog
